Arguments: 
  C:\laragon\bin\nodejs\node-v16.13.2-win-x64\node.exe C:\laragon\bin\nodejs\node-v16.13.2-win-x64\node_modules\yarn\bin\yarn.js init

PATH: 
  C:\Program Files\Zulu\zulu-8\bin\;C:\ProgramData\Oracle\Java\javapath;C:\Program Files\NVIDIA GPU Computing Toolkit\CUDA\v11.6\bin;C:\Program Files\NVIDIA GPU Computing Toolkit\CUDA\v11.6\libnvvp;C:\Program Files\Common Files\Oracle\Java\javapath;C:\Program Files (x86)\Common Files\Oracle\Java\javapath;C:\windows\system32;C:\windows;C:\windows\System32\Wbem;C:\windows\System32\WindowsPowerShell\v1.0\;C:\windows\System32\OpenSSH\;C:\Program Files (x86)\NVIDIA Corporation\PhysX\Common;C:\Program Files\NVIDIA Corporation\NVIDIA NvDLISR;C:\Program Files\Microsoft VS Code\bin;C:\Program Files\Git\cmd;C:\laragon\bin\php\php-8.0.13-Win32-vs16-x64;C:\ProgramData\ComposerSetup\bin;C:\Program Files\NVIDIA Corporation\Nsight Compute 2022.1.1\;C:\android_sdk\emulator;C:\Program Files\Cloudflare\Cloudflare WARP\;C:\Program Files\Go\bin;C:\laragon\bin\nodejs\node-v16.13.2-win-x64;C:\laragon\bin;C:\laragon\bin\apache\httpd-2.4.47-win64-VS16\bin;C:\laragon\bin\composer;C:\laragon\bin\git\bin;C:\laragon\bin\git\cmd;C:\laragon\bin\git\mingw64\bin;C:\laragon\bin\git\usr\bin;C:\laragon\bin\laragon\utils;C:\laragon\bin\mysql\mysql-8.0.27-winx64\bin;C:\laragon\bin\nginx\nginx-1.19.10;C:\laragon\bin\ngrok;C:\laragon\bin\notepad++;C:\laragon\bin\php\php-7.4.19-Win32-vc15-x64;C:\laragon\bin\redis\redis-x64-3.2.100;C:\laragon\bin\telnet;C:\laragon\usr\bin;C:\Users\Bear\AppData\Local\Yarn\config\global\node_modules\.bin;C:\Users\Bear\AppData\Roaming\Composer\vendor\bin;C:\Users\Bear\AppData\Roaming\npm;C:\Users\Bear\AppData\Local\Microsoft\WindowsApps;C:\android_sdk\cmdline-tools\5.0\bin;C:\android_sdk\cmdline-tools\5.0;C:\android_sdk\platform-tools;C:\flutter;C:\flutter\bin;C:\Program Files\Java\jdk1.8.0_311\bin;C:\Program Files\heroku\bin;C:\Users\Bear\go\bin

Yarn version: 
  1.22.19

Node version: 
  16.13.2

Platform: 
  win32 x64

Trace: 
  Error: canceled
      at Interface.<anonymous> (C:\laragon\bin\nodejs\node-v16.13.2-win-x64\node_modules\yarn\lib\cli.js:137150:13)
      at Interface.emit (node:events:390:28)
      at Interface._ttyWrite (node:readline:1081:16)
      at ReadStream.onkeypress (node:readline:288:10)
      at ReadStream.emit (node:events:390:28)
      at emitKeys (node:internal/readline/utils:358:14)
      at emitKeys.next (<anonymous>)
      at ReadStream.onData (node:internal/readline/emitKeypressEvents:61:36)
      at ReadStream.emit (node:events:390:28)
      at addChunk (node:internal/streams/readable:315:12)

npm manifest: 
  No manifest

yarn manifest: 
  No manifest

Lockfile: 
  No lockfile
